<?xml version="1.0" encoding="UTF-8"?>
<!-- Generated by org.testng.reporters.JUnitXMLReporter -->
<testsuite hostname="8J1V022-LT" ignored="0" name="Default test" tests="4" failures="0" timestamp="29 Mar 2018 06:37:41 GMT" time="13.767" errors="0">
  <testcase name="ListAllBreeds" time="5.145" classname="DogTest.apitest"/>
  <testcase name="ListAllSubBreeds" time="1.24" classname="DogTest.apitest"/>
  <testcase name="ListBreedImages" time="3.108" classname="DogTest.apitest"/>
  <testcase name="RandomBreedImage" time="4.23" classname="DogTest.apitest"/>
</testsuite> <!-- Default test -->
