<?xml version="1.0" encoding="UTF-8"?>
<!-- Generated by org.testng.reporters.JUnitXMLReporter -->
<testsuite hostname="8J1V022-LT" ignored="0" name="Test" tests="5" failures="1" timestamp="03 Apr 2018 07:17:46 GMT" time="17.407" errors="0">
  <testcase name="ListAllBreeds" time="7.604" classname="DogTest.apitest"/>
  <testcase name="ListAllSubBreeds" time="2.45" classname="DogTest.apitest"/>
  <testcase name="ListBreedImages" time="4.525" classname="DogTest.apitest"/>
  <testcase name="RandomBreedImage" time="2.77" classname="DogTest.apitest"/>
  <testcase name="enteremail" time="0.0" classname="gmailTest.testcases.Login">
    <failure type="org.testng.TestNGException" message="
Cannot inject @Test annotated Method [enteremail] with [class java.lang.String, class java.lang.String, class java.lang.String].
For more information on native dependency injection please refer to http://testng.org/doc/documentation-main.html#native-dependency-injection">
      <![CDATA[org.testng.TestNGException: 
Cannot inject @Test annotated Method [enteremail] with [class java.lang.String, class java.lang.String, class java.lang.String].
For more information on native dependency injection please refer to http://testng.org/doc/documentation-main.html#native-dependency-injection
... Removed 24 stack frames]]>
    </failure>
  </testcase> <!-- enteremail -->
</testsuite> <!-- Test -->
