<?xml version="1.0" encoding="UTF-8"?>
<!-- Generated by org.testng.reporters.JUnitXMLReporter -->
<testsuite hostname="8J1V022-LT" ignored="0" name="Test" tests="5" failures="0" timestamp="05 Apr 2018 06:52:49 GMT" time="84.034" errors="0">
  <testcase name="ListAllBreeds" time="11.231" classname="DogTest.apitest"/>
  <testcase name="ListAllSubBreeds" time="1.345" classname="DogTest.apitest"/>
  <testcase name="ListBreedImages" time="9.98" classname="DogTest.apitest"/>
  <testcase name="RandomBreedImage" time="18.59" classname="DogTest.apitest"/>
  <testcase name="enteremail" time="42.866" classname="gmailTest.testcases.Login"/>
</testsuite> <!-- Test -->
