<?xml version="1.0" encoding="UTF-8"?>
<!-- Generated by org.testng.reporters.JUnitXMLReporter -->
<testsuite hostname="8J1V022-LT" ignored="0" name="Test" tests="5" failures="0" timestamp="04 Apr 2018 09:42:35 GMT" time="40.245" errors="0">
  <testcase name="ListAllBreeds" time="2.834" classname="DogTest.apitest"/>
  <testcase name="ListAllSubBreeds" time="1.151" classname="DogTest.apitest"/>
  <testcase name="ListBreedImages" time="2.101" classname="DogTest.apitest"/>
  <testcase name="RandomBreedImage" time="1.791" classname="DogTest.apitest"/>
  <testcase name="enteremail" time="32.338" classname="gmailTest.testcases.Login"/>
</testsuite> <!-- Test -->
