<?xml version="1.0" encoding="UTF-8"?>
<testng-results skipped="0" failed="0" ignored="0" total="5" passed="5">
  <reporter-output>
  </reporter-output>
  <suite name="Suite" duration-ms="88296" started-at="2018-04-05T11:13:19Z" finished-at="2018-04-05T11:14:47Z">
    <groups>
    </groups>
    <test name="Test" duration-ms="88296" started-at="2018-04-05T11:13:19Z" finished-at="2018-04-05T11:14:47Z">
      <class name="gmailTest.testcases.Login">
        <test-method status="PASS" signature="enteremail(java.lang.String, java.lang.String, java.lang.String)[pri:0, instance:gmailTest.testcases.Login@5cb9f472]" name="enteremail" duration-ms="80990" started-at="2018-04-05T11:13:27Z" finished-at="2018-04-05T11:14:47Z">
          <params>
            <param index="0">
              <value>
                <![CDATA[TestAutomat123@gmail.com]]>
              </value>
            </param>
            <param index="1">
              <value>
                <![CDATA[testpwd123]]>
              </value>
            </param>
            <param index="2">
              <value>
                <![CDATA[COMPOSE]]>
              </value>
            </param>
          </params>
          <reporter-output>
          </reporter-output>
        </test-method> <!-- enteremail -->
      </class> <!-- gmailTest.testcases.Login -->
      <class name="DogTest.apitest">
        <test-method status="PASS" signature="ListAllBreeds()[pri:0, instance:DogTest.apitest@6e06451e]" name="ListAllBreeds" duration-ms="2887" started-at="2018-04-05T11:13:19Z" finished-at="2018-04-05T11:13:22Z">
          <reporter-output>
          </reporter-output>
        </test-method> <!-- ListAllBreeds -->
        <test-method status="PASS" signature="ListAllSubBreeds()[pri:0, instance:DogTest.apitest@6e06451e]" name="ListAllSubBreeds" duration-ms="1188" started-at="2018-04-05T11:13:22Z" finished-at="2018-04-05T11:13:23Z">
          <reporter-output>
          </reporter-output>
        </test-method> <!-- ListAllSubBreeds -->
        <test-method status="PASS" signature="ListBreedImages()[pri:0, instance:DogTest.apitest@6e06451e]" name="ListBreedImages" duration-ms="1482" started-at="2018-04-05T11:13:23Z" finished-at="2018-04-05T11:13:25Z">
          <reporter-output>
          </reporter-output>
        </test-method> <!-- ListBreedImages -->
        <test-method status="PASS" signature="RandomBreedImage()[pri:0, instance:DogTest.apitest@6e06451e]" name="RandomBreedImage" duration-ms="1725" started-at="2018-04-05T11:13:25Z" finished-at="2018-04-05T11:13:26Z">
          <reporter-output>
          </reporter-output>
        </test-method> <!-- RandomBreedImage -->
      </class> <!-- DogTest.apitest -->
    </test> <!-- Test -->
  </suite> <!-- Suite -->
</testng-results>
