<?xml version="1.0" encoding="UTF-8"?>
<testsuite xmlns:xsi="http://www.w3.org/2001/XMLSchema-instance" xsi:noNamespaceSchemaLocation="https://maven.apache.org/surefire/maven-surefire-plugin/xsd/surefire-test-report.xsd" name="TestSuite" time="89.08" tests="5" errors="0" skipped="0" failures="0">
  <properties>
[...]
</properties>
  <testcase name="ListAllBreeds" classname="DogTest.apitest" time="2.892"/>
  <testcase name="ListAllSubBreeds" classname="DogTest.apitest" time="1.192"/>
  <testcase name="ListBreedImages" classname="DogTest.apitest" time="1.498"/>
  <testcase name="RandomBreedImage" classname="DogTest.apitest" time="1.703"/>
  <testcase name="enteremail" classname="gmailTest.testcases.Login" time="80.993"/>
</testsuite>